app/build/outputs/logs/manifest-merger-release-report.txt
-- Merging decision tree log ---
manifest
ADDED from src\main\AndroidManifest.xml:2:1-105:12
	xmlns:android
		ADDED from src\main\AndroidManifest.xml:2:11-69
	package
		ADDED from src\main\AndroidManifest.xml:3:5-41
		INJECTED from src\main\AndroidManifest.xml
		INJECTED from src\main\AndroidManifest.xml
	android:versionName
		INJECTED from src\main\AndroidManifest.xml
		INJECTED from src\main\AndroidManifest.xml
	android:versionCode
		INJECTED from src\main\AndroidManifest.xml
		INJECTED from src\main\AndroidManifest.xml
uses-permission#android.permission.READ_PHONE_STATE
ADDED from src\main\AndroidManifest.xml:5:5-75
	android:name
		ADDED from src\main\AndroidManifest.xml:5:22-72
uses-permission#android.permission.CALL_PHONE
ADDED from src\main\AndroidManifest.xml:6:5-69
	android:name
		ADDED from src\main\AndroidManifest.xml:6:22-66
uses-permission#android.permission.READ_CONTACTS
ADDED from src\main\AndroidManifest.xml:7:5-72
	android:name
		ADDED from src\main\AndroidManifest.xml:7:22-69
uses-permission#android.permission.WRITE_CONTACTS
ADDED from src\main\AndroidManifest.xml:8:5-73
	android:name
		ADDED from src\main\AndroidManifest.xml:8:22-70
uses-permission#android.permission.WRITE_EXTERNAL_STORAGE
ADDED from src\main\AndroidManifest.xml:9:5-81
	android:name
		ADDED from src\main\AndroidManifest.xml:9:22-78
uses-permission#android.permission.INTERNET
ADDED from src\main\AndroidManifest.xml:10:5-67
	android:name
		ADDED from src\main\AndroidManifest.xml:10:22-64
uses-permission#android.permission.ACCESS_NETWORK_STATE
ADDED from src\main\AndroidManifest.xml:11:5-79
	android:name
		ADDED from src\main\AndroidManifest.xml:11:22-76
uses-permission#android.permission.SEND_SMS
ADDED from src\main\AndroidManifest.xml:12:5-67
	android:name
		ADDED from src\main\AndroidManifest.xml:12:22-64
uses-permission#android.permission.READ_SMS
ADDED from src\main\AndroidManifest.xml:13:5-67
	android:name
		ADDED from src\main\AndroidManifest.xml:13:22-64
uses-permission#android.permission.RECEIVE_BOOT_COMPLETED
ADDED from src\main\AndroidManifest.xml:14:5-81
	android:name
		ADDED from src\main\AndroidManifest.xml:14:22-78
application
ADDED from src\main\AndroidManifest.xml:16:5-103:19
MERGED from [com.android.support:appcompat-v7:23.2.0] AndroidManifest.xml:25:5-20
MERGED from [com.android.support:support-v4:23.2.1] AndroidManifest.xml:22:5-20
MERGED from [com.android.support:animated-vector-drawable:23.2.0] AndroidManifest.xml:7:5-20
MERGED from [com.android.support:support-vector-drawable:23.2.0] AndroidManifest.xml:7:5-20
MERGED from [com.android.support:support-v4:23.2.1] AndroidManifest.xml:22:5-20
MERGED from [com.android.support:support-vector-drawable:23.2.0] AndroidManifest.xml:7:5-20
MERGED from [com.android.support:support-v4:23.2.1] AndroidManifest.xml:22:5-20
MERGED from [com.android.support:support-v4:23.2.1] AndroidManifest.xml:22:5-20
	android:label
		ADDED from src\main\AndroidManifest.xml:19:9-48
	android:allowBackup
		ADDED from src\main\AndroidManifest.xml:17:9-35
	android:icon
		ADDED from src\main\AndroidManifest.xml:18:9-43
	android:theme
		ADDED from src\main\AndroidManifest.xml:20:9-47
	android:largeHeap
		ADDED from src\main\AndroidManifest.xml:21:9-33
activity#com.Pisystems.dofphonebook.activity.MainActivity
ADDED from src\main\AndroidManifest.xml:22:9-27:20
	android:windowSoftInputMode
		ADDED from src\main\AndroidManifest.xml:25:13-52
	android:screenOrientation
		ADDED from src\main\AndroidManifest.xml:26:13-49
	android:label
		ADDED from src\main\AndroidManifest.xml:24:13-51
	android:name
		ADDED from src\main\AndroidManifest.xml:23:13-50
activity#com.Pisystems.dofphonebook.activity.SplashActivity
ADDED from src\main\AndroidManifest.xml:28:9-37:20
	android:screenOrientation
		ADDED from src\main\AndroidManifest.xml:31:13-49
	android:label
		ADDED from src\main\AndroidManifest.xml:30:13-52
	android:name
		ADDED from src\main\AndroidManifest.xml:29:13-52
intent-filter#android.intent.action.MAIN+android.intent.category.LAUNCHER
ADDED from src\main\AndroidManifest.xml:32:13-36:29
action#android.intent.action.MAIN
ADDED from src\main\AndroidManifest.xml:33:17-69
	android:name
		ADDED from src\main\AndroidManifest.xml:33:25-66
category#android.intent.category.LAUNCHER
ADDED from src\main\AndroidManifest.xml:35:17-77
	android:name
		ADDED from src\main\AndroidManifest.xml:35:27-74
activity#com.Pisystems.dofphonebook.activity.singlenoticeimage
ADDED from src\main\AndroidManifest.xml:38:9-41:20
	android:label
		ADDED from src\main\AndroidManifest.xml:40:13-69
	android:name
		ADDED from src\main\AndroidManifest.xml:39:13-55
activity#com.Pisystems.dofphonebook.activity.GroupSmsNewMessage
ADDED from src\main\AndroidManifest.xml:43:9-46:20
	android:label
		ADDED from src\main\AndroidManifest.xml:45:13-69
	android:name
		ADDED from src\main\AndroidManifest.xml:44:13-56
activity#com.Pisystems.dofphonebook.activity.GroupSmsSending
ADDED from src\main\AndroidManifest.xml:48:9-52:20
	android:screenOrientation
		ADDED from src\main\AndroidManifest.xml:51:13-49
	android:label
		ADDED from src\main\AndroidManifest.xml:50:13-69
	android:name
		ADDED from src\main\AndroidManifest.xml:49:13-53
service#com.Pisystems.dofphonebook.activity.NoticeService
ADDED from src\main\AndroidManifest.xml:54:9-58:19
	android:exported
		ADDED from src\main\AndroidManifest.xml:57:13-36
	android:enabled
		ADDED from src\main\AndroidManifest.xml:56:13-35
	android:name
		ADDED from src\main\AndroidManifest.xml:55:13-51
receiver#com.Pisystems.dofphonebook.activity.AlertReceiver
ADDED from src\main\AndroidManifest.xml:60:9-64:20
	android:exported
		ADDED from src\main\AndroidManifest.xml:63:13-36
	android:enabled
		ADDED from src\main\AndroidManifest.xml:62:13-35
	android:name
		ADDED from src\main\AndroidManifest.xml:61:13-51
service#com.Pisystems.dofphonebook.activity.NoticeIntentService
ADDED from src\main\AndroidManifest.xml:66:9-69:19
	android:exported
		ADDED from src\main\AndroidManifest.xml:68:13-37
	android:name
		ADDED from src\main\AndroidManifest.xml:67:13-57
activity#com.Pisystems.dofphonebook.activity.PhoneNumberValidation
ADDED from src\main\AndroidManifest.xml:71:9-75:20
	android:screenOrientation
		ADDED from src\main\AndroidManifest.xml:74:13-49
	android:label
		ADDED from src\main\AndroidManifest.xml:73:13-75
	android:name
		ADDED from src\main\AndroidManifest.xml:72:13-59
service#com.Pisystems.dofphonebook.activity.MyService
ADDED from src\main\AndroidManifest.xml:77:9-82:19
	android:process
		ADDED from src\main\AndroidManifest.xml:81:13-38
	android:exported
		ADDED from src\main\AndroidManifest.xml:80:13-36
	android:enabled
		ADDED from src\main\AndroidManifest.xml:79:13-35
	android:name
		ADDED from src\main\AndroidManifest.xml:78:13-47
service#com.Pisystems.dofphonebook.activity.MyNotice
ADDED from src\main\AndroidManifest.xml:83:9-87:19
	android:exported
		ADDED from src\main\AndroidManifest.xml:86:13-36
	android:enabled
		ADDED from src\main\AndroidManifest.xml:85:13-35
	android:name
		ADDED from src\main\AndroidManifest.xml:84:13-46
receiver#com.Pisystems.dofphonebook.activity.MyReceiver
ADDED from src\main\AndroidManifest.xml:89:9-95:20
	android:name
		ADDED from src\main\AndroidManifest.xml:89:19-54
intent-filter#android.intent.action.ACTION_POWER_CONNECTED+android.intent.action.BOOT_COMPLETED+android.intent.action.REBOOT
ADDED from src\main\AndroidManifest.xml:90:13-94:29
action#android.intent.action.BOOT_COMPLETED
ADDED from src\main\AndroidManifest.xml:91:17-79
	android:name
		ADDED from src\main\AndroidManifest.xml:91:25-76
action#android.intent.action.ACTION_POWER_CONNECTED
ADDED from src\main\AndroidManifest.xml:92:17-87
	android:name
		ADDED from src\main\AndroidManifest.xml:92:25-84
action#android.intent.action.REBOOT
ADDED from src\main\AndroidManifest.xml:93:17-71
	android:name
		ADDED from src\main\AndroidManifest.xml:93:25-68
service#com.Pisystems.dofphonebook.activity.UpdateData
ADDED from src\main\AndroidManifest.xml:97:9-102:19
	android:process
		ADDED from src\main\AndroidManifest.xml:101:13-38
	android:exported
		ADDED from src\main\AndroidManifest.xml:100:13-36
	android:enabled
		ADDED from src\main\AndroidManifest.xml:99:13-35
	android:name
		ADDED from src\main\AndroidManifest.xml:98:13-48
uses-sdk
INJECTED from src\main\AndroidManifest.xml reason: use-sdk injection requested
MERGED from [com.android.support:appcompat-v7:23.2.0] AndroidManifest.xml:21:5-23:78
MERGED from [com.android.support:support-v4:23.2.1] AndroidManifest.xml:20:5-43
MERGED from [com.android.support:animated-vector-drawable:23.2.0] AndroidManifest.xml:5:5-44
MERGED from [com.android.support:support-vector-drawable:23.2.0] AndroidManifest.xml:5:5-43
MERGED from [com.android.support:support-v4:23.2.1] AndroidManifest.xml:20:5-43
MERGED from [com.android.support:support-vector-drawable:23.2.0] AndroidManifest.xml:5:5-43
MERGED from [com.android.support:support-v4:23.2.1] AndroidManifest.xml:20:5-43
MERGED from [com.android.support:recyclerview-v7:23.2.1] AndroidManifest.xml:20:5-43
MERGED from [com.android.support:support-v4:23.2.1] AndroidManifest.xml:20:5-43
MERGED from [com.joanzapata.pdfview:android-pdfview:1.0.4] AndroidManifest.xml:23:2-69
	android:targetSdkVersion
		INJECTED from src\main\AndroidManifest.xml
		INJECTED from src\main\AndroidManifest.xml
	android:minSdkVersion
		INJECTED from src\main\AndroidManifest.xml
		INJECTED from src\main\AndroidManifest.xml
	tools:overrideLibrary
		ADDED from [com.android.support:appcompat-v7:23.2.0] AndroidManifest.xml:23:9-75